<?xml version="1.0" encoding="UTF-8"?>
<!-- Generated by org.testng.reporters.JUnitXMLReporter -->
<testsuite ignored="0" hostname="HMS-LP-N-30" failures="0" tests="5" name="Test" time="52.336" errors="0" timestamp="2024-12-05T17:20:05 IST">
  <testcase classname="testCases.TC003_LoginDDT" name="verify_loginDDT" time="3.673"/>
  <testcase classname="testCases.TC003_LoginDDT" name="verify_loginDDT" time="11.858"/>
  <testcase classname="testCases.TC003_LoginDDT" name="verify_loginDDT" time="12.806"/>
  <testcase classname="testCases.TC003_LoginDDT" name="verify_loginDDT" time="11.976"/>
  <testcase classname="testCases.TC003_LoginDDT" name="verify_loginDDT" time="3.495"/>
</testsuite> <!-- Test -->
